<?xml version="1.0" encoding="UTF-8"?>
<testsuite xmlns:xsi="http://www.w3.org/2001/XMLSchema-instance" xsi:noNamespaceSchemaLocation="https://maven.apache.org/surefire/maven-surefire-plugin/xsd/surefire-test-report-3.0.xsd" version="3.0" name="cucumber.Options.TestRunner" time="15.167" tests="5" errors="0" skipped="0" failures="0">
  <properties>
[...]
</properties>
  <testcase name="Add a new place in google maps #1" classname="Google add place validations" time="8.608">
    <system-out><![CDATA[Request method:	POST
Request URI:	https://rahulshettyacademy.com/maps/api/place/add/json?key=qaclick123
Proxy:			<none>
Request params:	<none>
Query params:	key=qaclick123
Form params:	<none>
Path params:	<none>
Headers:		Accept=*/*
				Content-Type=application/json
Cookies:		<none>
Multiparts:		<none>
Body:
{
    "location": {
        "lat": "-38.383494",
        "lng": "33.427362"
    },
    "accuracy": 50,
    "name": "Frontline house",
    "phone_number": "(+91) 983 893 3937",
    "address": "29, side layout, cohen 09",
    "types": [
        "shoe park",
        "shop",
        "test value"
    ],
    "website": "http://google.com",
    "language": "French-IN"
}
]]></system-out>
  </testcase>
  <testcase name="Add a new place in google maps #2" classname="Google add place validations" time="2.551">
    <system-out><![CDATA[Request method:	POST
Request URI:	https://rahulshettyacademy.com/maps/api/place/add/json?key=qaclick123&place_id=69a59298e3040339566675ae04e3d2c1
Proxy:			<none>
Request params:	<none>
Query params:	key=qaclick123
				place_id=69a59298e3040339566675ae04e3d2c1
Form params:	<none>
Path params:	<none>
Headers:		Accept=*/*
				Content-Type=application/json
Cookies:		<none>
Multiparts:		<none>
Body:
{
    "location": {
        "lat": "-38.383494",
        "lng": "33.427362"
    },
    "accuracy": 51,
    "name": "Backline house",
    "phone_number": "(+91) 983 893 3937",
    "address": "30, side layout, cohen 09",
    "types": [
        "shoe park",
        "shop",
        "test value"
    ],
    "website": "http://google.com",
    "language": "French-IN"
}
]]></system-out>
  </testcase>
  <testcase name="Delete place in google maps" classname="Google add place validations" time="2.732"/>
  <testcase name="Home page default login" classname="Application Login" time="0.025">
    <system-out><![CDATA[This is the landing page
Username is: panther Password is: 2345
This is the home page
Home page is title is displayed: true
]]></system-out>
  </testcase>
  <testcase name="Home page default login failed" classname="Application Login" time="0.014">
    <system-out><![CDATA[This is the landing page
Username is: tiger Password is: 1234
This is the home page
Home page is title is displayed: false
]]></system-out>
  </testcase>
</testsuite>